
--- TESTCASE 1 ---
Error: 1 validation error for AgentStep
action
  AgentAction.__init__() missing 2 required positional arguments: 'tool' and 'tool_input' (type=type_error)

--- TESTCASE 2 ---
Error: No data in harnessOutput – possible evaluation error or empty result

--- TESTCASE 3 ---
FAIL_TO_PASS passed: 0/1
PASS_TO_PASS passed: 8/8

--- TESTCASE 4 ---
Error: No data in harnessOutput – possible evaluation error or empty result

--- TESTCASE 5 ---
Error: No data in harnessOutput – possible evaluation error or empty result

--- TESTCASE 6 ---
Error: No data in harnessOutput – possible evaluation error or empty result

--- TESTCASE 7 ---
Error: No data in harnessOutput – possible evaluation error or empty result

--- TESTCASE 8 ---
Error: 1 validation error for AgentStep
action
  AgentAction.__init__() missing 2 required positional arguments: 'tool' and 'tool_input' (type=type_error)

--- TESTCASE 9 ---
Error: No data in harnessOutput – possible evaluation error or empty result

--- TESTCASE 10 ---
Error: No data in harnessOutput – possible evaluation error or empty result

--- TESTCASE 11 ---
Error: No data in harnessOutput – possible evaluation error or empty result

--- TESTCASE 12 ---
Error: No data in harnessOutput – possible evaluation error or empty result

--- TESTCASE 13 ---
Error: No data in harnessOutput – possible evaluation error or empty result

--- TESTCASE 14 ---
Error: No data in harnessOutput – possible evaluation error or empty result

--- TESTCASE 15 ---
Error: No data in harnessOutput – possible evaluation error or empty result

--- TESTCASE 16 ---
Error: No data in harnessOutput – possible evaluation error or empty result

--- TESTCASE 17 ---
Error: No data in harnessOutput – possible evaluation error or empty result

--- TESTCASE 18 ---
Error: No data in harnessOutput – possible evaluation error or empty result

--- TESTCASE 19 ---
FAIL_TO_PASS passed: 0/2
PASS_TO_PASS passed: 50/50

--- TESTCASE 20 ---
Error: No data in harnessOutput – possible evaluation error or empty result

--- TESTCASE 21 ---
Error: No data in harnessOutput – possible evaluation error or empty result

--- TESTCASE 22 ---
Error: No data in harnessOutput – possible evaluation error or empty result

--- TESTCASE 23 ---
Error: No data in harnessOutput – possible evaluation error or empty result

--- TESTCASE 24 ---
Error: No data in harnessOutput – possible evaluation error or empty result

--- TESTCASE 25 ---
Error: No data in harnessOutput – possible evaluation error or empty result

--- TESTCASE 26 ---
Error: No data in harnessOutput – possible evaluation error or empty result

--- TESTCASE 27 ---
Error: No data in harnessOutput – possible evaluation error or empty result

--- TESTCASE 28 ---
Error: No data in harnessOutput – possible evaluation error or empty result

--- TESTCASE 29 ---
Error: No data in harnessOutput – possible evaluation error or empty result

--- TESTCASE 30 ---
FAIL_TO_PASS passed: 0/1
PASS_TO_PASS passed: 0/0
