
--- TESTCASE 1 ---
FAIL_TO_PASS passed: 0/2
PASS_TO_PASS passed: 6/13

--- TESTCASE 2 ---
Error: No data in harnessOutput – possible evaluation error or empty result

--- TESTCASE 3 ---
Error: Max turns (50) exceeded

--- TESTCASE 4 ---
Error: No data in harnessOutput – possible evaluation error or empty result

--- TESTCASE 5 ---
Error: Max turns (50) exceeded

--- TESTCASE 6 ---
Error: Max turns (50) exceeded

--- TESTCASE 7 ---
Error: Max turns (50) exceeded

--- TESTCASE 8 ---
Error: No data in harnessOutput – possible evaluation error or empty result

--- TESTCASE 9 ---
Error: No data in harnessOutput – possible evaluation error or empty result

--- TESTCASE 10 ---
Error: No data in harnessOutput – possible evaluation error or empty result

--- TESTCASE 11 ---
Error: No data in harnessOutput – possible evaluation error or empty result

--- TESTCASE 12 ---
Error: No data in harnessOutput – possible evaluation error or empty result

--- TESTCASE 13 ---
Error: No data in harnessOutput – possible evaluation error or empty result


--- TESTCASE 14 ---
Error: No data in harnessOutput – possible evaluation error or empty result

--- TESTCASE 15 ---
FAIL_TO_PASS passed: 0/1
PASS_TO_PASS passed: 39/40

--- TESTCASE 16 ---
Error: No data in harnessOutput – possible evaluation error or empty result

--- TESTCASE 17 ---
Error: No data in harnessOutput – possible evaluation error or empty result

--- TESTCASE 18 ---
Error: No data in harnessOutput – possible evaluation error or empty result

--- TESTCASE 19 ---
Error: No data in harnessOutput – possible evaluation error or empty result

--- TESTCASE 20 ---
Error: No data in harnessOutput – possible evaluation error or empty result

--- TESTCASE 21 ---
Error: No data in harnessOutput – possible evaluation error or empty result

--- TESTCASE 22 ---
Error: No data in harnessOutput – possible evaluation error or empty result

--- TESTCASE 23 ---
Error: No data in harnessOutput – possible evaluation error or empty result


--- TESTCASE 24 ---
Error: No data in harnessOutput – possible evaluation error or empty result

--- TESTCASE 25 ---
Error: No data in harnessOutput – possible evaluation error or empty result

--- TESTCASE 26 ---
Error: No data in harnessOutput – possible evaluation error or empty result

--- TESTCASE 27 ---
Error: No data in harnessOutput – possible evaluation error or empty result

--- TESTCASE 28 ---
Error: No data in harnessOutput – possible evaluation error or empty result

--- TESTCASE 29 ---
Error: No data in harnessOutput – possible evaluation error or empty result

--- TESTCASE 30 ---
Error: No data in harnessOutput – possible evaluation error or empty result
